Arguments: 
  E:\nodejs\node.exe E:\Yarn\bin\yarn.js add antd

PATH: 
  E:\Git\mingw64\bin;E:\Git\usr\bin;C:\Users\宝宝\bin;C:\ProgramData\Oracle\Java\javapath;C:\Program Files (x86)\Intel\iCLS Client;C:\Program Files\Intel\iCLS Client;C:\Windows\system32;C:\Windows;C:\Windows\System32\Wbem;C:\Windows\System32\WindowsPowerShell\v1.0;C:\Program Files (x86)\NVIDIA Corporation\PhysX\Common;C:\Program Files (x86)\Intel\Intel(R) Management Engine Components\DAL;C:\Program Files\Intel\Intel(R) Management Engine Components\DAL;C:\Program Files (x86)\Intel\Intel(R) Management Engine Components\IPT;C:\Program Files\Intel\Intel(R) Management Engine Components\IPT;E:\Java\jdk1.8.0_121\bin;E:\Java\jdk1.8.0_121\jre\bin;C:\WINDOWS\system32;C:\WINDOWS;C:\WINDOWS\System32\Wbem;C:\WINDOWS\System32\WindowsPowerShell\v1.0;E:\Android\sdk\platform-tools;E:\Android\sdk\tools;E:\Git\cmd;E:\Go\bin;E:\sonar\sonar-scanner\bin;E:\TortoiseSVN\bin;E:\Python27;E:\Yarn\bin;E:\Bitvise SSH Client;E:\nodejs;C:\Users\宝宝\AppData\Local\Microsoft\WindowsApps;C:\Users\宝宝\AppData\Local\GitHubDesktop\bin;D:\Microsoft VS Code\bin;C:\Users\宝宝\AppData\Local\Microsoft\WindowsApps;C:\Users\宝宝\AppData\Local\Yarn\bin;C:\Users\宝宝\AppData\Roaming\npm

Yarn version: 
  1.3.2

Node version: 
  8.9.2

Platform: 
  win32 x64

npm manifest: 
  {
    "private": true,
    "scripts": {
      "start": "roadhog server",
      "build": "roadhog build",
      "lint": "eslint --ext .js src test",
      "precommit": "npm run lint"
    },
    "engines": {
      "install-node": "6.11.1"
    },
    "dependencies": {
      "babel-runtime": "^6.9.2",
      "dva": "^2.1.0",
      "react": "^15.4.0",
      "react-dom": "^15.4.0"
    },
    "devDependencies": {
      "babel-eslint": "^7.1.1",
      "babel-plugin-dva-hmr": "^0.3.2",
      "babel-plugin-transform-runtime": "^6.9.0",
      "eslint": "^3.12.2",
      "eslint-config-airbnb": "^13.0.0",
      "eslint-plugin-import": "^2.2.0",
      "eslint-plugin-jsx-a11y": "^2.2.3",
      "eslint-plugin-react": "^6.8.0",
      "expect": "^1.20.2",
      "husky": "^0.12.0",
      "redbox-react": "^1.4.3",
      "roadhog": "^1.2.1"
    }
  }

yarn manifest: 
  No manifest

Lockfile: 
  No lockfile

Trace: 
  Error: ENOENT: no such file or directory, copyfile 'C:\Users\宝宝\AppData\Local\Yarn\cache\v1\npm-ansi-styles-3.2.0-c159b8d5be0f9e5a6f346dab94f16ce022161b88\license' -> 'E:\workspace\react\cash\node_modules\autoprefixer\node_modules\ansi-styles\license'
